<?xml version="1.0" encoding="UTF-8"?>
<testng-results ignored="0" total="1" passed="1" failed="0" skipped="0">
  <reporter-output>
  </reporter-output>
  <suite started-at="2024-07-31T16:09:07 IST" name="Default suite" finished-at="2024-07-31T16:09:12 IST" duration-ms="4052">
    <groups>
      <group name="cucumber">
        <method signature="AbstractTestNGCucumberTests.runScenario(io.cucumber.testng.PickleWrapper,io.cucumber.testng.FeatureWrapper)[pri:0, instance:Runner.TestNGRunner@710636b0]" name="runScenario" class="io.cucumber.testng.AbstractTestNGCucumberTests"/>
      </group> <!-- cucumber -->
    </groups>
    <test started-at="2024-07-31T16:09:07 IST" name="Default test" finished-at="2024-07-31T16:09:12 IST" duration-ms="4052">
      <class name="Runner.TestNGRunner">
        <test-method is-config="true" signature="setUpClass(org.testng.ITestContext)[pri:0, instance:Runner.TestNGRunner@710636b0]" started-at="2024-07-31T16:09:07 IST" name="setUpClass" finished-at="2024-07-31T16:09:08 IST" duration-ms="79" status="PASS">
          <params>
            <param index="0">
              <value>
                <![CDATA[org.testng.TestRunner@6f0c45f4]]>
              </value>
            </param>
          </params>
          <reporter-output>
          </reporter-output>
        </test-method> <!-- setUpClass -->
        <test-method signature="runScenario(io.cucumber.testng.PickleWrapper,io.cucumber.testng.FeatureWrapper)[pri:0, instance:Runner.TestNGRunner@710636b0]" started-at="2024-07-31T16:09:08 IST" name="runScenario" description="Runs Cucumber Scenarios" data-provider="scenarios" finished-at="2024-07-31T16:09:12 IST" duration-ms="3950" status="PASS">
          <params>
            <param index="0">
              <value>
                <![CDATA["Verify if Delete API is working as expected"]]>
              </value>
            </param>
            <param index="1">
              <value>
                <![CDATA["Validating Place API's"]]>
              </value>
            </param>
          </params>
          <reporter-output>
          </reporter-output>
        </test-method> <!-- runScenario -->
        <test-method is-config="true" signature="tearDownClass()[pri:0, instance:Runner.TestNGRunner@710636b0]" started-at="2024-07-31T16:09:12 IST" name="tearDownClass" finished-at="2024-07-31T16:09:12 IST" duration-ms="2" status="PASS">
          <reporter-output>
          </reporter-output>
        </test-method> <!-- tearDownClass -->
      </class> <!-- Runner.TestNGRunner -->
    </test> <!-- Default test -->
  </suite> <!-- Default suite -->
</testng-results>
